<html>
<head>
<title>TestNG:  OrangeHRM Report</title>
<link href="../testng.css" rel="stylesheet" type="text/css" />
<link href="../my-testng.css" rel="stylesheet" type="text/css" />

<style type="text/css">
.log { display: none;} 
.stack-trace { display: none;} 
</style>
<script type="text/javascript">
<!--
function flip(e) {
  current = e.style.display;
  if (current == 'block') {
    e.style.display = 'none';
    return 0;
  }
  else {
    e.style.display = 'block';
    return 1;
  }
}

function toggleBox(szDivId, elem, msg1, msg2)
{
  var res = -1;  if (document.getElementById) {
    res = flip(document.getElementById(szDivId));
  }
  else if (document.all) {
    // this is the way old msie versions work
    res = flip(document.all[szDivId]);
  }
  if(elem) {
    if(res == 0) elem.innerHTML = msg1; else elem.innerHTML = msg2;
  }

}

function toggleAllBoxes() {
  if (document.getElementsByTagName) {
    d = document.getElementsByTagName('div');
    for (i = 0; i < d.length; i++) {
      if (d[i].className == 'log') {
        flip(d[i]);
      }
    }
  }
}

// -->
</script>

</head>
<body>
<h2 align='center'>OrangeHRM Report</h2><table border='1' align="center">
<tr>
<td>Tests passed/Failed/Skipped:</td><td>6/1/0</td>
</tr><tr>
<td>Started on:</td><td>Mon Nov 25 17:12:38 PKT 2019</td>
</tr>
<tr><td>Total time:</td><td>111 seconds (111881 ms)</td>
</tr><tr>
<td>Included groups:</td><td></td>
</tr><tr>
<td>Excluded groups:</td><td></td>
</tr>
</table><p/>
<small><i>(Hover the method name to see the test class name)</i></small><p/>
<table width='100%' border='1' class='invocation-failed'>
<tr><td colspan='4' align='center'><b>FAILED TESTS</b></td></tr>
<tr><td><b>Test method</b></td>
<td width="30%"><b>Exception</b></td>
<td width="10%"><b>Time (seconds)</b></td>
<td><b>Instance</b></td>
</tr>
<tr>
<td title='Testcases.LeaveEntitlementTestcases.AddLeaveEntitlement()'><b>AddLeaveEntitlement</b><br>Test class: Testcases.LeaveEntitlementTestcases</td>
<td><div><pre>org.openqa.selenium.NoSuchElementException: Cannot locate option with value: 2017-01-01 - 2017-12-31
For documentation on this error, please visit: https://www.seleniumhq.org/exceptions/no_such_element.html
Build info: version: &apos;3.141.59&apos;, revision: &apos;e82be7d358&apos;, time: &apos;2018-11-14T08:17:03&apos;
System info: host: &apos;DESKTOP-T7DLMVC&apos;, ip: &apos;10.0.75.1&apos;, os.name: &apos;Windows 10&apos;, os.arch: &apos;amd64&apos;, os.version: &apos;10.0&apos;, java.version: &apos;1.8.0_231&apos;
Driver info: driver.version: unknown
	at org.openqa.selenium.support.ui.Select.findOptionsByValue(Select.java:283)
	at org.openqa.selenium.support.ui.Select.selectByValue(Select.java:186)
	at com.orangehrm.pages.LeaveEntitlement.EntLeavePeriod(LeaveEntitlement.java:65)
	at Testcases.LeaveEntitlementTestcases.AddLeaveEntitlement(LeaveEntitlementTestcases.java:40)
... Removed 24 stack frames</pre></div><a href='#' onClick='toggleBox("stack-trace74885833", this, "Click to show all stack frames", "Click to hide stack frames")'>Click to show all stack frames</a>
<div class='stack-trace' id='stack-trace74885833'><pre>org.openqa.selenium.NoSuchElementException: Cannot locate option with value: 2017-01-01 - 2017-12-31
For documentation on this error, please visit: https://www.seleniumhq.org/exceptions/no_such_element.html
Build info: version: &apos;3.141.59&apos;, revision: &apos;e82be7d358&apos;, time: &apos;2018-11-14T08:17:03&apos;
System info: host: &apos;DESKTOP-T7DLMVC&apos;, ip: &apos;10.0.75.1&apos;, os.name: &apos;Windows 10&apos;, os.arch: &apos;amd64&apos;, os.version: &apos;10.0&apos;, java.version: &apos;1.8.0_231&apos;
Driver info: driver.version: unknown
	at org.openqa.selenium.support.ui.Select.findOptionsByValue(Select.java:283)
	at org.openqa.selenium.support.ui.Select.selectByValue(Select.java:186)
	at com.orangehrm.pages.LeaveEntitlement.EntLeavePeriod(LeaveEntitlement.java:65)
	at Testcases.LeaveEntitlementTestcases.AddLeaveEntitlement(LeaveEntitlementTestcases.java:40)
	at sun.reflect.NativeMethodAccessorImpl.invoke0(Native Method)
	at sun.reflect.NativeMethodAccessorImpl.invoke(Unknown Source)
	at sun.reflect.DelegatingMethodAccessorImpl.invoke(Unknown Source)
	at java.lang.reflect.Method.invoke(Unknown Source)
	at org.testng.internal.MethodInvocationHelper.invokeMethod(MethodInvocationHelper.java:80)
	at org.testng.internal.Invoker.invokeMethod(Invoker.java:714)
	at org.testng.internal.Invoker.invokeTestMethod(Invoker.java:901)
	at org.testng.internal.Invoker.invokeTestMethods(Invoker.java:1231)
	at org.testng.internal.TestMethodWorker.invokeTestMethods(TestMethodWorker.java:127)
	at org.testng.internal.TestMethodWorker.run(TestMethodWorker.java:111)
	at org.testng.TestRunner.privateRun(TestRunner.java:767)
	at org.testng.TestRunner.run(TestRunner.java:617)
	at org.testng.SuiteRunner.runTest(SuiteRunner.java:334)
	at org.testng.SuiteRunner.runSequentially(SuiteRunner.java:329)
	at org.testng.SuiteRunner.privateRun(SuiteRunner.java:291)
	at org.testng.SuiteRunner.run(SuiteRunner.java:240)
	at org.testng.SuiteRunnerWorker.runSuite(SuiteRunnerWorker.java:52)
	at org.testng.SuiteRunnerWorker.run(SuiteRunnerWorker.java:86)
	at org.testng.TestNG.runSuitesSequentially(TestNG.java:1198)
	at org.testng.TestNG.runSuitesLocally(TestNG.java:1123)
	at org.testng.TestNG.run(TestNG.java:1031)
	at org.testng.remote.AbstractRemoteTestNG.run(AbstractRemoteTestNG.java:114)
	at org.testng.remote.RemoteTestNG.initAndRun(RemoteTestNG.java:251)
	at org.testng.remote.RemoteTestNG.main(RemoteTestNG.java:77)
</pre></div></td>
<td>26</td>
<td>Testcases.LeaveEntitlementTestcases@4678c730</td></tr>
</table><p>
<table width='100%' border='1' class='invocation-passed'>
<tr><td colspan='4' align='center'><b>PASSED TESTS</b></td></tr>
<tr><td><b>Test method</b></td>
<td width="30%"><b>Exception</b></td>
<td width="10%"><b>Time (seconds)</b></td>
<td><b>Instance</b></td>
</tr>
<tr>
<td title='Testcases.UserTestcases.Adduser()'><b>Adduser</b><br>Test class: Testcases.UserTestcases</td>
<td></td>
<td>11</td>
<td>Testcases.UserTestcases@2a2d45ba</td></tr>
<tr>
<td title='Testcases.assignLeaveTestcases.ApplyForAssignLeave()'><b>ApplyForAssignLeave</b><br>Test class: Testcases.assignLeaveTestcases</td>
<td></td>
<td>5</td>
<td>Testcases.assignLeaveTestcases@29ee9faa</td></tr>
<tr>
<td title='Testcases.LoginTestcases.verifyOrangehrmLogo()'><b>verifyOrangehrmLogo</b><br>Test class: Testcases.LoginTestcases</td>
<td></td>
<td>0</td>
<td>Testcases.LoginTestcases@6767c1fc</td></tr>
<tr>
<td title='Testcases.DashboardTestcases.verifyclickOnDashboard()'><b>verifyclickOnDashboard</b><br>Test class: Testcases.DashboardTestcases</td>
<td></td>
<td>0</td>
<td>Testcases.DashboardTestcases@724af044</td></tr>
<tr>
<td title='Testcases.LoginTestcases.verifypageTittle()'><b>verifypageTittle</b><br>Test class: Testcases.LoginTestcases</td>
<td></td>
<td>0</td>
<td>Testcases.LoginTestcases@6767c1fc</td></tr>
<tr>
<td title='Testcases.LoginTestcases.verifyvalidUsernameAndPassword()'><b>verifyvalidUsernameAndPassword</b><br>Test class: Testcases.LoginTestcases</td>
<td></td>
<td>5</td>
<td>Testcases.LoginTestcases@6767c1fc</td></tr>
</table><p>
</body>
</html>