<?xml version="1.0" encoding="UTF-8"?>
<!-- Generated by org.testng.reporters.JUnitXMLReporter -->
<testsuite hostname="DESKTOP-T7DLMVC" name="OrangeHRM Report" tests="7" failures="1" timestamp="25 Nov 2019 12:14:30 GMT" time="111.881" errors="0">
  <testcase name="verifypageTittle" time="0.042" classname="Testcases.LoginTestcases"/>
  <testcase name="verifyOrangehrmLogo" time="0.141" classname="Testcases.LoginTestcases"/>
  <testcase name="verifyvalidUsernameAndPassword" time="5.352" classname="Testcases.LoginTestcases"/>
  <testcase name="verifyclickOnDashboard" time="0.107" classname="Testcases.DashboardTestcases"/>
  <testcase name="Adduser" time="11.261" classname="Testcases.UserTestcases"/>
  <testcase name="AddLeaveEntitlement" time="26.217" classname="Testcases.LeaveEntitlementTestcases">
    <failure type="org.openqa.selenium.NoSuchElementException" message="Cannot locate option with value: 2017-01-01 - 2017-12-31
For documentation on this error, please visit: https://www.seleniumhq.org/exceptions/no_such_element.html
Build info: version: &amp;apos;3.141.59&amp;apos;, revision: &amp;apos;e82be7d358&amp;apos;, time: &amp;apos;2018-11-14T08:17:03&amp;apos;
System info: host: &amp;apos;DESKTOP-T7DLMVC&amp;apos;, ip: &amp;apos;10.0.75.1&amp;apos;, os.name: &amp;apos;Windows 10&amp;apos;, os.arch: &amp;apos;amd64&amp;apos;, os.version: &amp;apos;10.0&amp;apos;, java.version: &amp;apos;1.8.0_231&amp;apos;
Driver info: driver.version: unknown">
      <![CDATA[org.openqa.selenium.NoSuchElementException: Cannot locate option with value: 2017-01-01 - 2017-12-31
For documentation on this error, please visit: https://www.seleniumhq.org/exceptions/no_such_element.html
Build info: version: '3.141.59', revision: 'e82be7d358', time: '2018-11-14T08:17:03'
System info: host: 'DESKTOP-T7DLMVC', ip: '10.0.75.1', os.name: 'Windows 10', os.arch: 'amd64', os.version: '10.0', java.version: '1.8.0_231'
Driver info: driver.version: unknown
	at org.openqa.selenium.support.ui.Select.findOptionsByValue(Select.java:283)
	at org.openqa.selenium.support.ui.Select.selectByValue(Select.java:186)
	at com.orangehrm.pages.LeaveEntitlement.EntLeavePeriod(LeaveEntitlement.java:65)
	at Testcases.LeaveEntitlementTestcases.AddLeaveEntitlement(LeaveEntitlementTestcases.java:40)
... Removed 24 stack frames]]>
    </failure>
  </testcase> <!-- AddLeaveEntitlement -->
  <testcase name="ApplyForAssignLeave" time="5.647" classname="Testcases.assignLeaveTestcases"/>
</testsuite> <!-- OrangeHRM Report -->
